PRT1
23
34
4 0 3 (160 352 130 ) (160 352 0 ) (176 352 0 ) (176 352 130 ) 
4 0 2 (240 352 1 ) (240 352 130 ) (176 352 130 ) (176 352 1 ) 
4 0 1 (240 352 0 ) (256 352 0 ) (256 352 130 ) (240 352 130 ) 
4 1 10 (256 0 0 ) (256 0 108 ) (240 0 108 ) (240 0 0 ) 
4 1 9 (256 0 108 ) (256 0 130 ) (240 0 130 ) (240 0 108 ) 
4 1 2 (240 352 130 ) (240 352 1 ) (240 0 1 ) (240 0 130 ) 
4 2 11 (240 0 1 ) (240 0 108 ) (176 0 108 ) (176 0 1 ) 
4 2 9 (240 0 108 ) (240 0 130 ) (176 0 130 ) (176 0 108 ) 
4 2 3 (176 352 130 ) (176 352 1 ) (176 0 1 ) (176 0 130 ) 
4 3 12 (176 0 0 ) (176 0 108 ) (160 0 108 ) (160 0 0 ) 
4 3 9 (176 0 108 ) (176 0 130 ) (160 0 130 ) (160 0 108 ) 
4 3 4 (160 39 108 ) (160 87 108 ) (160 87 0 ) (160 39 0 ) 
4 4 5 (128 39 108 ) (128 87 108 ) (128 87 0 ) (128 39 0 ) 
4 5 17 (128 0 0 ) (128 0 128 ) (0 0 128 ) (0 0 0 ) 
4 5 6 (0 0 0 ) (0 0 128 ) (0 128 128 ) (0 128 0 ) 
4 6 19 (0 0 0 ) (0 0 128 ) (-128 0 128 ) (-128 0 0 ) 
4 6 7 (-128 56.184597 108.571007 ) (-128 96 108.571007 ) (-128 96 0 ) (-128 54.953796 0 ) 
4 7 8 (-160 96 108.571007 ) (-160 96 0 ) (-160 54.953796 0 ) (-160 56.184597 108.571007 ) 
4 9 14 (185 -576 108 ) (233 -576 108 ) (233 -576 109 ) (185 -576 109 ) 
4 9 11 (240 -576 108 ) (176 -576 108 ) (176 0 108 ) (240 0 108 ) 
4 9 10 (256 -576 108 ) (240 -576 108 ) (240 0 108 ) (256 0 108 ) 
4 9 12 (176 -576 108 ) (160 -576 108 ) (160 0 108 ) (176 0 108 ) 
4 10 11 (240 -576 1 ) (240 -576 108 ) (240 0 108 ) (240 0 1 ) 
4 11 14 (233 -576 108 ) (185 -576 108 ) (185 -576 1 ) (233 -576 1 ) 
4 11 12 (176 -576 1 ) (176 -576 108 ) (176 0 108 ) (176 0 1 ) 
4 12 13 (160 -369 0 ) (160 -418 0 ) (160 -418 108 ) (160 -369 108 ) 
4 13 18 (128 -369 0 ) (128 -418 0 ) (128 -418 108 ) (128 -369 108 ) 
4 14 16 (185 -600 1 ) (233 -600 1 ) (233 -600 109 ) (185 -600 109 ) 
4 14 15 (233 -600 1 ) (185 -600 1 ) (185 -591 1 ) (233 -591 1 ) 
4 15 16 (185 -600 -4.140630 ) (233 -600 -4.140630 ) (233 -600 1 ) (185 -600 1 ) 
4 17 19 (0 0 128 ) (0 0 0 ) (0 -128 0 ) (0 -128 128 ) 
4 18 20 (0 -257 0 ) (0 -513 0 ) (0 -513 128 ) (0 -257 128 ) 
3 20 21 (-128 -289 0 ) (-128 -289.503998 0 ) (-128 -289 36.381500 ) 
3 21 22 (-160 -289 36.381500 ) (-160 -289 0 ) (-160 -289.503998 0 ) 
