PRT1
13
25
4 0 4 (320 0 128 ) (0 0 128 ) (0 0 80 ) (320 0 80 ) 
4 0 3 (0 0 80 ) (0 0 128 ) (0 128 128 ) (0 128 80 ) 
4 0 2 (320 0 80 ) (0 0 80 ) (0 128 80 ) (320 128 80 ) 
4 1 5 (448 0 80 ) (320 0 80 ) (320 0 0 ) (448 0 0 ) 
4 1 2 (320 32 0 ) (320 0 0 ) (320 0 80 ) (320 32 80 ) 
4 2 5 (320 0 80 ) (0 0 80 ) (0 0 0 ) (320 0 0 ) 
4 2 3 (0 0 0 ) (0 0 80 ) (0 128 80 ) (0 128 0 ) 
4 3 11 (0 0 0 ) (0 0 128 ) (-64 0 128 ) (-64 0 0 ) 
4 4 11 (0 0 128 ) (0 0 80 ) (0 -160 80 ) (0 -160 128 ) 
4 4 8 (176 -160 92 ) (180.499969 -160 80 ) (191.333771 -160 80 ) (194.129272 -160 96.770828 ) 
3 4 7 (111.202194 -160 80 ) (180.499969 -160 80 ) (165.859726 -160 119.041046 ) 
4 4 6 (320 -160 80 ) (0 -160 80 ) (0 -16 80 ) (320 -16 80 ) 
4 4 5 (0 -16 80 ) (0 0 80 ) (320 0 80 ) (320 -16 80 ) 
4 5 11 (0 0 80 ) (0 0 0 ) (0 -16 0 ) (0 -16 80 ) 
4 5 6 (0 -16 0 ) (320 -16 0 ) (320 -16 80 ) (0 -16 80 ) 
4 6 11 (0 -16 0 ) (0 -160 0 ) (0 -160 80 ) (0 -16 80 ) 
3 6 9 (188 -160 60 ) (177.998734 -160 0 ) (210.499985 -160 0 ) 
3 6 8 (191.333786 -160 80 ) (180.499954 -160 80 ) (188 -160 60 ) 
6 6 7 (180.499954 -160 80 ) (111.202187 -160 80 ) (100 -160 71.998573 ) (109 -160 0 ) (177.998734 -160 0 ) (188 -160 60 ) 
5 7 10 (109 -168 0 ) (177.998718 -168 0 ) (188 -168 60.002998 ) (165.861115 -168 119.042038 ) (100 -168 71.998566 ) 
4 7 9 (188 -168 60.004242 ) (177.998047 -168 0 ) (177.998047 -160 0 ) (188 -160 60 ) 
4 7 8 (176.001633 -168 92 ) (188.002563 -168 59.997807 ) (188.002029 -160 59.994564 ) (176 -160 92 ) 
3 8 10 (188 -168 60.002998 ) (194.129227 -168 96.770729 ) (176.001587 -168 92 ) 
3 9 10 (177.998718 -168 0 ) (210.499985 -168 0 ) (188 -168 60 ) 
4 10 12 (0 -344 0 ) (0 -344 128 ) (0 -168 128 ) (0 -168 0 ) 
