PRT1
108
275
4 0 1 (668 1024 128 ) (540 1024 128 ) (540 1024 0 ) (668 1024 0 ) 
4 1 2 (576 592 112 ) (576 592 0 ) (632 592 0 ) (632 592 112 ) 
4 2 44 (576 576 0 ) (632 576 0 ) (632 576 112 ) (576 576 112 ) 
4 3 72 (0 64 640 ) (0 64 768 ) (0 192 768 ) (0 192 640 ) 
4 3 70 (0 192 768 ) (0 200 768 ) (0 200 640 ) (0 192 640 ) 
4 3 68 (0 200 768 ) (0 576 768 ) (0 576 640 ) (0 200 640 ) 
4 3 5 (640 128 640 ) (640 576 640 ) (768 576 640 ) (768 128 640 ) 
4 3 6 (640 64 640 ) (0 64 640 ) (0 576 640 ) (640 576 640 ) 
4 3 4 (768 256 640 ) (768 576 640 ) (832 576 640 ) (832 256 640 ) 
4 4 8 (768 448 636 ) (768 512 636 ) (832 512 636 ) (832 448 636 ) 
4 4 9 (768 256 636 ) (768 448 636 ) (832 448 636 ) (832 256 636 ) 
4 4 7 (768 512 636 ) (768 576 636 ) (832 576 636 ) (832 512 636 ) 
4 4 5 (768 576 636 ) (768 256 636 ) (768 256 640 ) (768 576 640 ) 
4 5 11 (640 384 636 ) (640 576 636 ) (704 576 636 ) (704 384 636 ) 
4 5 12 (640 128 636 ) (640 384 636 ) (704 384 636 ) (704 128 636 ) 
4 5 10 (768 512 636 ) (768 128 636 ) (704 128 636 ) (704 512 636 ) 
4 5 7 (704 576 636 ) (768 576 636 ) (768 512 636 ) (704 512 636 ) 
4 5 6 (640 576 636 ) (640 128 636 ) (640 128 640 ) (640 576 640 ) 
4 6 72 (0 64 636 ) (0 64 640 ) (0 192 640 ) (0 192 636 ) 
4 6 70 (0 192 640 ) (0 200 640 ) (0 200 636 ) (0 192 636 ) 
4 6 68 (0 200 640 ) (0 576 640 ) (0 576 636 ) (0 200 636 ) 
4 6 15 (8 64 636 ) (0 64 636 ) (0 200 636 ) (8 200 636 ) 
4 6 14 (0 200 636 ) (0 576 636 ) (8 576 636 ) (8 200 636 ) 
4 6 13 (640 64 636 ) (8 64 636 ) (8 576 636 ) (640 576 636 ) 
4 7 11 (704 512 512 ) (704 512 636 ) (704 576 636 ) (704 576 512 ) 
4 7 8 (768 512 512 ) (832 512 512 ) (832 512 636 ) (768 512 636 ) 
4 7 10 (704 512 636 ) (704 512 512 ) (768 512 512 ) (768 512 636 ) 
4 8 9 (768 448 636 ) (768 448 512 ) (832 448 512 ) (832 448 636 ) 
4 8 10 (768 512 636 ) (768 512 512 ) (768 448 512 ) (768 448 636 ) 
4 9 10 (768 448 508 ) (768 64 508 ) (768 64 636 ) (768 448 636 ) 
4 9 18 (832 64 508 ) (768 64 508 ) (768 448 508 ) (832 448 508 ) 
4 10 11 (704 384 512 ) (704 384 636 ) (704 512 636 ) (704 512 512 ) 
4 10 12 (704 384 508 ) (704 64 508 ) (704 64 636 ) (704 384 636 ) 
4 10 18 (768 64 508 ) (704 64 508 ) (704 512 508 ) (768 512 508 ) 
4 11 12 (640 384 636 ) (640 384 512 ) (704 384 512 ) (704 384 636 ) 
4 11 13 (640 384 512 ) (640 384 636 ) (640 576 636 ) (640 576 512 ) 
4 12 13 (640 384 508 ) (640 64 508 ) (640 64 636 ) (640 384 636 ) 
4 12 18 (704 64 508 ) (640 64 508 ) (640 384 508 ) (704 384 508 ) 
3 13 17 (8 192.001282 516 ) (8 200 512.249939 ) (8 200 512 ) 
4 13 16 (8 200 508 ) (8 64 508 ) (8 64 572 ) (8 192 512 ) 
4 13 15 (8 64 576 ) (8 64 636 ) (8 200 636 ) (8 200 512.249939 ) 
4 13 14 (8 576 508 ) (8 200 508 ) (8 200 636 ) (8 576 636 ) 
4 13 18 (640 64 508 ) (8 64 508 ) (8 576 508 ) (640 576 508 ) 
4 14 68 (0 200 636 ) (0 576 636 ) (0 576 508 ) (0 200 508 ) 
4 14 17 (8 200 512 ) (8 200 512.249939 ) (0 200 512.249939 ) (0 200 512 ) 
4 14 15 (8 200 512.249939 ) (8 200 636 ) (0 200 636 ) (0 200 512.249939 ) 
4 14 18 (0 200 508 ) (0 576 508 ) (8 576 508 ) (8 200 508 ) 
4 15 72 (0 64 576 ) (0 64 636 ) (0 192 636 ) (0 192 516 ) 
4 15 70 (0 192 636 ) (0 200 636 ) (0 200 512.249939 ) (0 192 516 ) 
4 15 17 (0 200 512.250000 ) (8 200 512.250000 ) (8 192 516 ) (0 192 516 ) 
3 16 69 (0 192 512 ) (0 200 508 ) (0 192 508 ) 
4 16 18 (8 64 508 ) (0 64 508 ) (0 200 508 ) (8 200 508 ) 
3 17 70 (0 192.001282 516 ) (0 200 512.249939 ) (0 200 512 ) 
4 18 75 (0 72 492 ) (0 74 492 ) (0 74 416 ) (0 72 416 ) 
4 18 74 (0 74 492 ) (0 120 492 ) (0 120 416 ) (0 74 416 ) 
4 18 73 (0 188 416 ) (0 124 416 ) (0 124 480 ) (0 188 480 ) 
4 18 69 (0 192 508 ) (0 200 508 ) (0 200 416 ) (0 192 416 ) 
4 18 68 (0 200 508 ) (0 576 508 ) (0 576 416 ) (0 200 416 ) 
4 18 26 (0 126 416 ) (0 128 416 ) (128 128 416 ) (128 126 416 ) 
4 18 25 (0 128 416 ) (0 576 416 ) (128 576 416 ) (128 128 416 ) 
4 18 24 (128 576 416 ) (130 576 416 ) (130 126 416 ) (128 126 416 ) 
4 18 23 (130 576 416 ) (190 576 416 ) (190 126 416 ) (130 126 416 ) 
4 18 22 (190 576 416 ) (192 576 416 ) (192 126 416 ) (190 126 416 ) 
4 18 21 (640 128 416 ) (640 126 416 ) (192 126 416 ) (192 128 416 ) 
4 18 20 (192 576 416 ) (640 576 416 ) (640 128 416 ) (192 128 416 ) 
4 18 19 (640 576 416 ) (832 576 416 ) (832 126 416 ) (640 126 416 ) 
4 18 27 (832 64 416 ) (0 64 416 ) (0 126 416 ) (832 126 416 ) 
4 19 30 (640 576 384 ) (704 576 384 ) (704 192 384 ) (640 192 384 ) 
4 19 29 (704 576 384 ) (768 576 384 ) (768 128 384 ) (704 128 384 ) 
4 19 28 (768 576 384 ) (832 576 384 ) (832 256 384 ) (768 256 384 ) 
4 19 21 (640 128 384 ) (640 126 384 ) (640 126 416 ) (640 128 416 ) 
4 19 20 (640 576 384 ) (640 128 384 ) (640 128 416 ) (640 576 416 ) 
4 19 27 (640 126 384 ) (832 126 384 ) (832 126 416 ) (640 126 416 ) 
4 20 31 (192 576 384 ) (640 576 384 ) (640 128 384 ) (192 128 384 ) 
4 20 22 (192 576 384 ) (192 128 384 ) (192 128 416 ) (192 576 416 ) 
4 20 21 (192 128 416 ) (192 128 384 ) (640 128 384 ) (640 128 416 ) 
4 21 22 (192 128 384 ) (192 126 384 ) (192 126 416 ) (192 128 416 ) 
4 21 27 (192 126 384 ) (640 126 384 ) (640 126 416 ) (192 126 416 ) 
4 22 23 (190 576 384 ) (190 126 384 ) (190 126 416 ) (190 576 416 ) 
4 22 27 (190 126 384 ) (192 126 384 ) (192 126 416 ) (190 126 416 ) 
4 23 27 (130 126 384 ) (190 126 384 ) (190 126 416 ) (130 126 416 ) 
4 23 24 (130 576 384 ) (130 126 384 ) (130 126 416 ) (130 576 416 ) 
4 24 26 (128 128 384 ) (128 126 384 ) (128 126 416 ) (128 128 416 ) 
4 24 25 (128 576 384 ) (128 128 384 ) (128 128 416 ) (128 576 416 ) 
4 24 27 (128 126 384 ) (130 126 384 ) (130 126 416 ) (128 126 416 ) 
4 25 69 (0 192 416 ) (0 200 416 ) (0 200 384 ) (0 192 384 ) 
4 25 68 (0 200 416 ) (0 576 416 ) (0 576 384 ) (0 200 384 ) 
4 25 32 (0 128 384 ) (0 576 384 ) (128 576 384 ) (128 128 384 ) 
4 25 26 (0 128 384 ) (128 128 384 ) (128 128 416 ) (0 128 416 ) 
4 26 27 (0 126 384 ) (128 126 384 ) (128 126 416 ) (0 126 416 ) 
4 27 75 (0 72 416 ) (0 74 416 ) (0 74 384 ) (0 72 384 ) 
4 27 74 (0 74 416 ) (0 120 416 ) (0 120 384 ) (0 74 384 ) 
4 28 33 (768 576 380 ) (832 576 380 ) (832 256 380 ) (768 256 380 ) 
4 28 29 (768 576 380 ) (768 256 380 ) (768 256 384 ) (768 576 384 ) 
4 29 33 (704 576 380 ) (768 576 380 ) (768 128 380 ) (704 128 380 ) 
4 29 30 (704 576 380 ) (704 192 380 ) (704 192 384 ) (704 576 384 ) 
4 30 33 (640 576 380 ) (704 576 380 ) (704 192 380 ) (640 192 380 ) 
4 30 31 (640 576 380 ) (640 192 380 ) (640 192 384 ) (640 576 384 ) 
4 31 33 (192 576 380 ) (640 576 380 ) (640 128 380 ) (192 128 380 ) 
4 32 94 (0 192 384 ) (0 576 384 ) (0 576 380 ) (0 192 380 ) 
4 32 33 (0 128 380 ) (0 576 380 ) (128 576 380 ) (128 128 380 ) 
4 33 95 (0 64 256 ) (0 64 380 ) (0 192 380 ) (0 192 256 ) 
4 33 94 (0 192 380 ) (0 576 380 ) (0 576 256 ) (0 192 256 ) 
4 33 36 (704 64 256 ) (640 64 256 ) (640 384 256 ) (704 384 256 ) 
4 33 37 (640 64 256 ) (0 64 256 ) (0 576 256 ) (640 576 256 ) 
4 33 34 (832 64 256 ) (768 64 256 ) (768 448 256 ) (832 448 256 ) 
4 33 35 (768 64 256 ) (704 64 256 ) (704 512 256 ) (768 512 256 ) 
4 34 35 (768 448 252 ) (768 64 252 ) (768 64 256 ) (768 448 256 ) 
4 34 38 (832 64 252 ) (768 64 252 ) (768 448 252 ) (832 448 252 ) 
4 35 36 (704 384 252 ) (704 64 252 ) (704 64 256 ) (704 384 256 ) 
4 35 38 (768 64 252 ) (704 64 252 ) (704 512 252 ) (768 512 252 ) 
4 36 37 (640 384 252 ) (640 64 252 ) (640 64 256 ) (640 384 256 ) 
4 36 38 (704 64 252 ) (640 64 252 ) (640 384 252 ) (704 384 252 ) 
4 37 95 (0 64 252 ) (0 64 256 ) (0 192 256 ) (0 192 252 ) 
4 37 94 (0 192 256 ) (0 576 256 ) (0 576 252 ) (0 192 252 ) 
4 37 38 (640 64 252 ) (0 64 252 ) (0 576 252 ) (640 576 252 ) 
4 38 95 (0 64 128 ) (0 64 252 ) (0 192 252 ) (0 192 128 ) 
4 38 94 (0 192 252 ) (0 576 252 ) (0 576 128 ) (0 192 128 ) 
4 38 43 (640 64 128 ) (0 64 128 ) (0 128 128 ) (640 128 128 ) 
4 38 41 (640 576 128 ) (704 576 128 ) (704 192 128 ) (640 192 128 ) 
4 38 40 (704 576 128 ) (768 576 128 ) (768 128 128 ) (704 128 128 ) 
4 38 42 (0 128 128 ) (0 576 128 ) (640 576 128 ) (640 128 128 ) 
4 38 39 (768 256 128 ) (768 576 128 ) (832 576 128 ) (832 256 128 ) 
4 39 40 (768 576 124 ) (768 256 124 ) (768 256 128 ) (768 576 128 ) 
4 39 44 (768 256 124 ) (768 576 124 ) (832 576 124 ) (832 256 124 ) 
4 40 41 (704 576 124 ) (704 192 124 ) (704 192 128 ) (704 576 128 ) 
4 40 44 (704 576 124 ) (768 576 124 ) (768 128 124 ) (704 128 124 ) 
4 41 44 (640 576 124 ) (704 576 124 ) (704 192 124 ) (640 192 124 ) 
4 41 42 (640 576 124 ) (640 192 124 ) (640 192 128 ) (640 576 128 ) 
4 42 96 (0 128 128 ) (0 576 128 ) (0 576 124 ) (0 128 124 ) 
4 42 43 (0 128 124 ) (640 128 124 ) (640 128 128 ) (0 128 128 ) 
4 42 44 (0 128 124 ) (0 576 124 ) (640 576 124 ) (640 128 124 ) 
4 43 44 (640 64 124 ) (0 64 124 ) (0 128 124 ) (640 128 124 ) 
4 44 99 (0 64 0 ) (0 64 96 ) (0 576 96 ) (0 576 0 ) 
4 44 97 (0 64 96 ) (0 64 124 ) (0 128 124 ) (0 128 96 ) 
4 44 96 (0 128 124 ) (0 576 124 ) (0 576 96 ) (0 128 96 ) 
4 44 52 (0 192 0 ) (0 448 0 ) (192 448 0 ) (192 192 0 ) 
4 44 49 (320 448 0 ) (512 448 0 ) (512 192 0 ) (320 192 0 ) 
4 44 46 (576 448 0 ) (704 448 0 ) (704 336 0 ) (576 336 0 ) 
4 44 47 (704 304 0 ) (704 192 0 ) (576 192 0 ) (576 304 0 ) 
4 44 45 (0 448 0 ) (0 576 0 ) (448 576 0 ) (448 448 0 ) 
4 45 101 (0 448 -128 ) (0 448 0 ) (0 576 0 ) (0 576 -128 ) 
4 45 53 (0 448 -32 ) (0 448 -128 ) (448 448 -128 ) (448 448 -32 ) 
3 45 51 (304 448 -32 ) (320 448 -32 ) (320 448 -16 ) 
3 45 50 (192 448 -16 ) (192 448 -32 ) (208 448 -32 ) 
4 45 52 (192 448 0 ) (0 448 0 ) (0 448 -32 ) (192 448 -32 ) 
4 45 49 (448 448 0 ) (320 448 0 ) (320 448 -32 ) (448 448 -32 ) 
4 46 53 (576 336 -32 ) (576 448 -32 ) (704 448 -32 ) (704 336 -32 ) 
4 47 54 (704 192 -32 ) (576 192 -32 ) (576 256 -32 ) (704 256 -32 ) 
4 47 53 (576 256 -32 ) (576 304 -32 ) (704 304 -32 ) (704 256 -32 ) 
4 48 54 (528 192 -32 ) (512 192 -32 ) (512 256 -32 ) (528 256 -32 ) 
4 48 53 (512 256 -32 ) (512 448 -32 ) (528 448 -32 ) (528 256 -32 ) 
4 48 49 (512 448 -16 ) (512 448 -32 ) (512 192 -32 ) (512 192 -16 ) 
4 49 55 (332 192 -32 ) (320 192 -32 ) (320 256 -32 ) (332 256 -32 ) 
4 49 54 (512 192 -32 ) (332 192 -32 ) (332 256 -32 ) (512 256 -32 ) 
4 49 53 (320 256 -32 ) (320 448 -32 ) (512 448 -32 ) (512 256 -32 ) 
4 49 51 (320 448 -16 ) (320 448 -32 ) (320 192 -32 ) (320 192 -16 ) 
4 50 55 (208 192 -32 ) (192 192 -32 ) (192 256 -32 ) (208 256 -32 ) 
4 50 53 (192 256 -32 ) (192 448 -32 ) (208 448 -32 ) (208 256 -32 ) 
4 50 52 (192 448 -16 ) (192 448 -32 ) (192 192 -32 ) (192 192 -16 ) 
4 51 55 (320 192 -32 ) (304 192 -32 ) (304 256 -32 ) (320 256 -32 ) 
4 51 53 (304 256 -32 ) (304 448 -32 ) (320 448 -32 ) (320 256 -32 ) 
4 52 103 (0 192 0 ) (0 256 0 ) (0 256 -32 ) (0 192 -32 ) 
4 52 102 (0 256 0 ) (0 448 0 ) (0 448 -32 ) (0 256 -32 ) 
4 52 55 (192 192 -32 ) (128 192 -32 ) (128 256 -32 ) (192 256 -32 ) 
4 52 56 (128 192 -32 ) (0 192 -32 ) (0 256 -32 ) (128 256 -32 ) 
4 52 53 (0 256 -32 ) (0 448 -32 ) (192 448 -32 ) (192 256 -32 ) 
4 53 102 (0 448 -32 ) (0 448 -368 ) (0 256 -368 ) (0 256 -32 ) 
4 53 64 (0 256 -368 ) (0 448 -368 ) (64 448 -368 ) (64 256 -368 ) 
4 53 62 (208 448 -368 ) (320 448 -368 ) (320 256 -368 ) (208 256 -368 ) 
4 53 63 (80 448 -368 ) (192 448 -368 ) (192 256 -368 ) (80 256 -368 ) 
4 53 61 (336 448 -368 ) (448 448 -368 ) (448 256 -368 ) (336 256 -368 ) 
4 53 59 (592 448 -368 ) (704 448 -368 ) (704 256 -368 ) (592 256 -368 ) 
4 53 60 (464 448 -368 ) (576 448 -368 ) (576 256 -368 ) (464 256 -368 ) 
4 53 58 (720 448 -368 ) (832 448 -368 ) (832 256 -368 ) (720 256 -368 ) 
4 53 57 (832 256 -256 ) (832 256 -136 ) (0 256 -136 ) (0 256 -256 ) 
4 53 55 (332 256 -32 ) (128 256 -32 ) (128 256 -128 ) (332 256 -128 ) 
4 53 54 (832 256 -136 ) (832 256 -32 ) (332 256 -32 ) (332 256 -136 ) 
4 53 56 (128 256 -32 ) (0 256 -32 ) (0 256 -136 ) (128 256 -136 ) 
4 54 57 (832 192 -136 ) (332 192 -136 ) (332 256 -136 ) (832 256 -136 ) 
4 54 55 (332 256 -32 ) (332 256 -128 ) (332 192 -128 ) (332 192 -32 ) 
4 55 56 (128 256 -32 ) (128 256 -128 ) (128 192 -128 ) (128 192 -32 ) 
4 56 103 (0 192 -136 ) (0 192 -32 ) (0 256 -32 ) (0 256 -136 ) 
4 56 57 (128 192 -136 ) (0 192 -136 ) (0 256 -136 ) (128 256 -136 ) 
4 57 103 (0 192 -256 ) (0 192 -136 ) (0 256 -136 ) (0 256 -256 ) 
4 58 65 (720 448 -384 ) (832 448 -384 ) (832 256 -384 ) (720 256 -384 ) 
4 59 65 (592 448 -384 ) (704 448 -384 ) (704 256 -384 ) (592 256 -384 ) 
4 60 65 (464 448 -384 ) (576 448 -384 ) (576 256 -384 ) (464 256 -384 ) 
4 61 65 (336 448 -384 ) (448 448 -384 ) (448 256 -384 ) (336 256 -384 ) 
4 62 65 (208 448 -384 ) (320 448 -384 ) (320 256 -384 ) (208 256 -384 ) 
4 63 65 (80 448 -384 ) (192 448 -384 ) (192 256 -384 ) (80 256 -384 ) 
4 64 102 (0 448 -368 ) (0 448 -384 ) (0 256 -384 ) (0 256 -368 ) 
4 64 65 (0 256 -384 ) (0 448 -384 ) (64 448 -384 ) (64 256 -384 ) 
4 65 104 (0 208 -384 ) (0 448 -384 ) (0 448 -512 ) (0 208 -512 ) 
4 66 100 (0 0 0 ) (0 0 384 ) (0 48 384 ) (0 48 0 ) 
4 66 93 (0 0 384 ) (0 0 768 ) (0 48 768 ) (0 48 384 ) 
4 66 67 (832 0 0 ) (832 0 768 ) (0 0 768 ) (0 0 0 ) 
4 67 107 (0 -176 768 ) (0 0 768 ) (0 0 0 ) (0 -176 0 ) 
4 68 94 (-312 576 384 ) (0 576 384 ) (0 200 384 ) (-312 200 384 ) 
4 68 70 (-312 200 768 ) (-312 200 512 ) (0 200 512 ) (0 200 768 ) 
4 68 69 (-312 200 508 ) (-312 200 384 ) (0 200 384 ) (0 200 508 ) 
4 68 71 (-312 200 768 ) (-312 576 768 ) (-312 576 384 ) (-312 200 384 ) 
4 69 94 (0 200 384 ) (0 192 384 ) (-312 192 384 ) (-312 200 384 ) 
4 69 80 (-4 192 416 ) (-4 192 480 ) (-312 192 480 ) (-312 192 416 ) 
4 69 71 (-312 192 384 ) (-312 192 512 ) (-312 200 508 ) (-312 200 384 ) 
4 70 78 (-4 192 768 ) (-312 192 768 ) (-312 192 516 ) (-4 192 516 ) 
4 70 72 (0 192 516 ) (0 192 768 ) (-4 192 768 ) (-4 192 516 ) 
4 70 71 (-312 192 516 ) (-312 192 768 ) (-312 200 768 ) (-312 200 512 ) 
4 71 94 (-320 192 384 ) (-320 576 384 ) (-312 576 384 ) (-312 192 384 ) 
4 71 82 (-320 192 508 ) (-320 192 384 ) (-312 192 384 ) (-312 192 508 ) 
4 71 79 (-320 192 768 ) (-320 192 508 ) (-312 192 508 ) (-312 192 768 ) 
4 72 78 (-4 192 768 ) (-4 192 516 ) (-4 64 576 ) (-4 64 768 ) 
4 73 88 (-4 144 416 ) (-4 124 416 ) (-4 124 480 ) (-4 144 480 ) 
4 73 81 (-4 188 416 ) (-4 144 416 ) (-4 144 480 ) (-4 188 480 ) 
4 74 89 (-4 112 384 ) (-4 74 384 ) (-4 74 492 ) (-4 112 492 ) 
4 74 88 (-4 120 384 ) (-4 112 384 ) (-4 112 492 ) (-4 120 492 ) 
4 74 75 (0 74 492 ) (-2 74 492 ) (-2 74 384 ) (0 74 384 ) 
3 76 79 (-312 192 512 ) (-312 188 512 ) (-312 188 513.875000 ) 
4 76 77 (-4 188 513.873047 ) (-312 188 513.873047 ) (-312 188 512 ) (-4 188 512 ) 
4 77 79 (-312 64 512 ) (-312 64 572 ) (-312 188 513.875000 ) (-312 188 512 ) 
4 78 79 (-312 192 768 ) (-312 192 516 ) (-312 64 576 ) (-312 64 768 ) 
4 79 92 (-312 112 508 ) (-312 64 508 ) (-320 64 508 ) (-320 112 508 ) 
4 79 87 (-312 144 508 ) (-312 112 508 ) (-320 112 508 ) (-320 144 508 ) 
4 79 82 (-320 192 508 ) (-312 192 508 ) (-312 144 508 ) (-320 144 508 ) 
4 80 82 (-312 192 480 ) (-312 192 416 ) (-312 188 416 ) (-312 188 480 ) 
4 80 81 (-312 188 480 ) (-312 188 416 ) (-4 188 416 ) (-4 188 480 ) 
4 81 86 (-184 144 508 ) (-224 144 508 ) (-224 144 506 ) (-184 144 506 ) 
4 81 87 (-232 144 508 ) (-312 144 508 ) (-312 144 506 ) (-232 144 506 ) 
4 81 85 (-128 144 508 ) (-176 144 508 ) (-176 144 506 ) (-128 144 506 ) 
4 81 83 (-4 144 506 ) (-4 144 508 ) (-72 144 508 ) (-72 144 506 ) 
4 81 84 (-80 144 508 ) (-120 144 508 ) (-120 144 506 ) (-80 144 506 ) 
4 81 88 (-312 144 384 ) (-4 144 384 ) (-4 144 506 ) (-312 144 506 ) 
4 81 82 (-312 144 384 ) (-312 144 508 ) (-312 188 508 ) (-312 188 384 ) 
4 82 87 (-312 144 506 ) (-312 144 508 ) (-320 144 508 ) (-320 144 506 ) 
4 82 88 (-320 144 384 ) (-312 144 384 ) (-312 144 506 ) (-320 144 506 ) 
4 83 89 (-4 112 506 ) (-4 112 508 ) (-50 112 508 ) (-50 112 506 ) 
4 83 92 (-50 112 508 ) (-72 112 508 ) (-72 112 506 ) (-50 112 506 ) 
4 83 88 (-4 112 506 ) (-72 112 506 ) (-72 144 506 ) (-4 144 506 ) 
4 84 92 (-80 112 508 ) (-120 112 508 ) (-120 112 506 ) (-80 112 506 ) 
4 84 88 (-80 112 506 ) (-120 112 506 ) (-120 144 506 ) (-80 144 506 ) 
4 85 92 (-128 112 508 ) (-176 112 508 ) (-176 112 506 ) (-128 112 506 ) 
4 85 88 (-128 112 506 ) (-176 112 506 ) (-176 144 506 ) (-128 144 506 ) 
4 86 92 (-184 112 508 ) (-224 112 508 ) (-224 112 506 ) (-184 112 506 ) 
4 86 88 (-184 112 506 ) (-224 112 506 ) (-224 144 506 ) (-184 144 506 ) 
4 87 92 (-232 112 508 ) (-320 112 508 ) (-320 112 506 ) (-232 112 506 ) 
4 87 88 (-232 112 506 ) (-320 112 506 ) (-320 144 506 ) (-232 144 506 ) 
4 88 89 (-50 112 384 ) (-4 112 384 ) (-4 112 506 ) (-50 112 506 ) 
4 88 92 (-320 112 384 ) (-50 112 384 ) (-50 112 506 ) (-320 112 506 ) 
4 89 90 (-50 74 508 ) (-50 74 492 ) (-4 74 492 ) (-4 74 508 ) 
4 89 92 (-50 112 508 ) (-50 112 384 ) (-50 74 384 ) (-50 74 508 ) 
4 90 92 (-50 72 492 ) (-50 72 508 ) (-50 74 508 ) (-50 74 492 ) 
4 90 91 (-50 72 508 ) (-50 72 492 ) (-4 72 492 ) (-4 72 508 ) 
4 91 92 (-50 72 384 ) (-50 64 384 ) (-50 64 508 ) (-50 72 508 ) 
4 93 107 (0 0 384 ) (0 0 768 ) (-320 0 768 ) (-320 0 384 ) 
4 93 100 (-320 0 384 ) (-320 48 384 ) (0 48 384 ) (0 0 384 ) 
4 94 98 (-320 192 128 ) (-320 576 128 ) (-192 576 128 ) (-192 192 128 ) 
4 94 96 (-64 576 128 ) (0 576 128 ) (0 192 128 ) (-64 192 128 ) 
4 94 95 (-320 192 128 ) (0 192 128 ) (0 192 380 ) (-320 192 380 ) 
4 95 98 (-192 64 128 ) (-320 64 128 ) (-320 192 128 ) (-192 192 128 ) 
4 95 96 (-64 128 128 ) (-64 192 128 ) (0 192 128 ) (0 128 128 ) 
4 96 99 (-64 128 96 ) (-64 576 96 ) (0 576 96 ) (0 128 96 ) 
4 96 97 (-64 128 124 ) (-64 128 96 ) (0 128 96 ) (0 128 124 ) 
4 97 99 (0 64 96 ) (-64 64 96 ) (-64 128 96 ) (0 128 96 ) 
4 99 103 (0 256 0 ) (0 192 0 ) (-64 192 0 ) (-64 256 0 ) 
4 99 102 (0 448 0 ) (0 256 0 ) (-64 256 0 ) (-64 448 0 ) 
4 99 101 (-64 576 0 ) (0 576 0 ) (0 448 0 ) (-64 448 0 ) 
4 100 107 (0 0 0 ) (0 0 384 ) (-320 0 384 ) (-320 0 0 ) 
4 101 102 (0 448 0 ) (-64 448 0 ) (-64 448 -128 ) (0 448 -128 ) 
4 102 106 (-64 448 -32 ) (-64 448 -256 ) (-64 256 -256 ) (-64 256 -32 ) 
4 102 105 (-64 448 0 ) (-64 448 -32 ) (-64 256 -32 ) (-64 256 0 ) 
4 102 104 (-64 256 -384 ) (-64 448 -384 ) (0 448 -384 ) (0 256 -384 ) 
4 102 103 (-64 256 0 ) (-64 256 -256 ) (0 256 -256 ) (0 256 0 ) 
4 103 106 (-64 192 -256 ) (-64 192 -32 ) (-64 256 -32 ) (-64 256 -256 ) 
4 103 105 (-64 192 -32 ) (-64 192 0 ) (-64 256 0 ) (-64 256 -32 ) 
4 105 106 (-64 192 -32 ) (-96 192 -32 ) (-96 448 -32 ) (-64 448 -32 ) 
